COMIENZA LA BATALLA 
Turno: 0, Salud de Harry: 100
 _ _ _ _
|H     _|
|  _|   |
|_|  _|_|
|_ _ _ _|

Turno: 1 Salud de Harry: 100

 _ _ _ _
|_ H   _|
|  _|   |
|_|  _|_|
|_ _ _ _|

Turno: 2 Salud de Harry: 100
Adversidad Viento Norte atacando a Harry
 _ _ _ _
|H     _|
|  _|   |
|_|  _|_|
|_ _ _ _|

Turno: 3 Salud de Harry: 100

 _ _ _ _
|_ H   _|
|  _|   |
|_|  _|_|
|_ _ _ _|

Turno: 4 Salud de Harry: 100

 _ _ _ _
|_   H _|
|  _|   |
|_|  _|_|
|_ _ _ _|

Turno: 5 Salud de Harry: 100
Adversidad Dementor atacando a Harry
 _ _ _ _
|_     _|
|  _|H  |
|_|  _|_|
|_ _ _ _|

Turno: 6 Salud de Harry: 70
Adversidad Dementor atacando a Harry
 _ _ _ _
|_     _|
|  _|   |
|_|  H|_|
|_ _ _ _|

Turno: 7 Salud de Harry: 40

 _ _ _ _
|_     _|
|  _|   |
|_|H _|_|
|_ _ _ _|

Turno: 8 Salud de Harry: 40
Adversidad Viento Sur atacando a Harry
 _ _ _ _
|H     _|
|  _|   |
|_|  _|_|
|_ _ _ _|

Turno: 9 Salud de Harry: 40

 _ _ _ _
|_ H   _|
|  _|   |
|_|  _|_|
|_ _ _ _|

Turno: 10 Salud de Harry: 20

 _ _ _ _
|_   H _|
|  _|   |
|_|  _|_|
|_ _ _ _|

Turno: 11 Salud de Harry: 20

 _ _ _ _
|_     _|
|  _|H  |
|_|  _|_|
|_ _ _ _|

Turno: 12 Salud de Harry: 20

 _ _ _ _
|_     _|
|  _|   |
|_|  H|_|
|_ _ _ _|

Turno: 13 Salud de Harry: 20

 _ _ _ _
|_     _|
|  _|   |
|_|H _|_|
|_ _ _ _|

Turno: 14 Salud de Harry: 20

 _ _ _ _
|_     _|
|  _|   |
|_|  _|_|
|_ H _ _|

Turno: 15 Salud de Harry: 20

 _ _ _ _
|_     _|
|  _|   |
|_|  _|_|
|_ _ H _|

Turno: 16 Salud de Harry: 20

 _ _ _ _
|_     _|
|  _|   |
|_|  _|_|
|_ _ _ H|

HARRY HA GANADO EL JUEGO :)
 
